<?xml version="1.0" encoding="UTF-8"?>
<!-- Generated by org.testng.reporters.JUnitXMLReporter -->
<testsuite ignored="2" hostname="KOLKAR" failures="1" tests="2" name="Test" time="40.234" errors="0" timestamp="2023-02-21T15:59:15 IST">
  <testcase classname="BaseClass.ProductClass2" name="OnlyProductclass" time="10.647"/>
  <testcase classname="BaseClass.ExtendBaseCLass" name="OnlyProductclass" time="0.012">
    <failure type="java.lang.AssertionError" message="expected [true] but found [false]">
      <![CDATA[java.lang.AssertionError: expected [true] but found [false]
at BaseClass.ExtendBaseCLass.OnlyProductclass(ExtendBaseCLass.java:20)
at java.base/java.util.ArrayList.forEach(ArrayList.java:1541)
... Removed 33 stack frames]]>
    </failure>
  </testcase> <!-- OnlyProductclass -->
  <testcase classname="uTILITY.BaseC" name="@BeforeSuite ConnectDB" time="0.0">
    <ignored/>
  </testcase> <!-- @BeforeSuite ConnectDB -->
  <testcase classname="uTILITY.BaseC" name="@AfterSuite DisconnectDB" time="0.0">
    <ignored/>
  </testcase> <!-- @AfterSuite DisconnectDB -->
</testsuite> <!-- Test -->
